<?xml version="1.0" encoding="UTF-8"?>
<testsuite xmlns:xsi="http://www.w3.org/2001/XMLSchema-instance" xsi:noNamespaceSchemaLocation="https://maven.apache.org/surefire/maven-surefire-plugin/xsd/surefire-test-report.xsd" version="3.0.2" name="TestSuite" time="31.884" tests="2" errors="0" skipped="0" failures="0">
  <properties>
[...]
</properties>
  <testcase name="verify_account_registration" classname="testCases.TC001_AccountRegistrationTest" time="7.511">
    <system-out><![CDATA[2025-01-09T12:20:27.882149300Z main INFO Starting configuration XmlConfiguration[location=C:\Workspaces-Restart\Vishnu's_Work\OpencartV121\target\test-classes\log4j2.xml, lastModified=2024-12-27T16:58:14.753Z]...
2025-01-09T12:20:27.886153Z main INFO Start watching for changes to C:\Workspaces-Restart\Vishnu's_Work\OpencartV121\target\test-classes\log4j2.xml every 0 seconds
2025-01-09T12:20:27.886153Z main INFO Configuration XmlConfiguration[location=C:\Workspaces-Restart\Vishnu's_Work\OpencartV121\target\test-classes\log4j2.xml, lastModified=2024-12-27T16:58:14.753Z] started.
2025-01-09T12:20:27.889148600Z main INFO Stopping configuration org.apache.logging.log4j.core.config.DefaultConfiguration@3c419631...
2025-01-09T12:20:27.890147Z main INFO Configuration org.apache.logging.log4j.core.config.DefaultConfiguration@3c419631 stopped.
17:50:32.637 [main] INFO  testCases.TC001_AccountRegistrationTest - ***** Starting TC001_AccountRegistrationTest *****
17:50:33.203 [main] INFO  testCases.TC001_AccountRegistrationTest - clicked on MyAccount Link
17:50:34.177 [main] INFO  testCases.TC001_AccountRegistrationTest - clicked on ClickRegister Link
17:50:34.184 [main] INFO  testCases.TC001_AccountRegistrationTest - Providing customer details...
17:50:39.946 [main] INFO  testCases.TC001_AccountRegistrationTest - Validating expected message...
Your Account Has Been Created!
17:50:40.077 [main] INFO  testCases.TC001_AccountRegistrationTest - ***** Finished TC001_AccountRegistrationTest *****
]]></system-out>
  </testcase>
  <testcase name="verify_login" classname="testCases.TC002_LoginTest" time="6.531">
    <system-out><![CDATA[17:50:48.956 [main] INFO  testCases.TC002_LoginTest - ****Starting TC_002_LoginTest****
17:50:49.626 [main] INFO  testCases.TC002_LoginTest - Clicked on myaccount...
17:50:50.172 [main] INFO  testCases.TC002_LoginTest - Clicked on login...
17:50:55.365 [main] INFO  testCases.TC002_LoginTest - Entered email and password and clicked on login button...
17:50:55.483 [main] INFO  testCases.TC002_LoginTest - ****Finished TC_002_LoginTest****
]]></system-out>
  </testcase>
</testsuite>